d:\cpp\badtripplayst\badtripps\debug\badtripps.bsc
d:\cpp\badtripplayst\badtripps\badtripps\debug\vc140.pdb
d:\cpp\badtripplayst\badtripps\badtripps\debug\vc140.idb
d:\cpp\badtripplayst\badtripps\badtripps\debug\render.sbr
d:\cpp\badtripplayst\badtripps\badtripps\debug\ram.sbr
d:\cpp\badtripplayst\badtripps\badtripps\debug\map.sbr
d:\cpp\badtripplayst\badtripps\badtripps\debug\interconnect.sbr
d:\cpp\badtripplayst\badtripps\badtripps\debug\instruction.sbr
d:\cpp\badtripplayst\badtripps\badtripps\debug\gpu.sbr
d:\cpp\badtripplayst\badtripps\badtripps\debug\dma.sbr
d:\cpp\badtripplayst\badtripps\badtripps\debug\cpu.sbr
d:\cpp\badtripplayst\badtripps\badtripps\debug\channel.sbr
d:\cpp\badtripplayst\badtripps\badtripps\debug\bios.sbr
d:\cpp\badtripplayst\badtripps\badtripps\debug\badtrip.sbr
d:\cpp\badtripplayst\badtripps\badtripps\debug\badtrip.obj
d:\cpp\badtripplayst\badtripps\badtripps\debug\bios.obj
d:\cpp\badtripplayst\badtripps\badtripps\debug\channel.obj
d:\cpp\badtripplayst\badtripps\badtripps\debug\cpu.obj
d:\cpp\badtripplayst\badtripps\badtripps\debug\dma.obj
d:\cpp\badtripplayst\badtripps\badtripps\debug\gpu.obj
d:\cpp\badtripplayst\badtripps\badtripps\debug\instruction.obj
d:\cpp\badtripplayst\badtripps\badtripps\debug\interconnect.obj
d:\cpp\badtripplayst\badtripps\badtripps\debug\map.obj
d:\cpp\badtripplayst\badtripps\badtripps\debug\ram.obj
d:\cpp\badtripplayst\badtripps\badtripps\debug\render.obj
d:\cpp\badtripplayst\badtripps\debug\badtripps.ilk
d:\cpp\badtripplayst\badtripps\debug\badtripps.exe
d:\cpp\badtripplayst\badtripps\debug\badtripps.pdb
d:\cpp\badtripplayst\badtripps\badtripps\debug\badtripps.tlog\bscmake.command.1.tlog
d:\cpp\badtripplayst\badtripps\badtripps\debug\badtripps.tlog\bscmake.read.1.tlog
d:\cpp\badtripplayst\badtripps\badtripps\debug\badtripps.tlog\bscmake.write.1.tlog
d:\cpp\badtripplayst\badtripps\badtripps\debug\badtripps.tlog\cl.command.1.tlog
d:\cpp\badtripplayst\badtripps\badtripps\debug\badtripps.tlog\cl.read.1.tlog
d:\cpp\badtripplayst\badtripps\badtripps\debug\badtripps.tlog\cl.write.1.tlog
d:\cpp\badtripplayst\badtripps\badtripps\debug\badtripps.tlog\link.command.1.tlog
d:\cpp\badtripplayst\badtripps\badtripps\debug\badtripps.tlog\link.read.1.tlog
d:\cpp\badtripplayst\badtripps\badtripps\debug\badtripps.tlog\link.write.1.tlog
