  cpu.cpp
d:\cpp\badtripplayst\badtripps\badtripps\cpu.cpp(276): warning C4554: '&': check operator precedence for possible error; use parentheses to clarify precedence
d:\cpp\badtripplayst\badtripps\badtripps\cpu.cpp(297): warning C4002: too many actual parameters for macro 'assert'
d:\cpp\badtripplayst\badtripps\badtripps\cpu.cpp(302): warning C4002: too many actual parameters for macro 'assert'
d:\cpp\badtripplayst\badtripps\badtripps\cpu.cpp(367): warning C4101: 'answ': unreferenced local variable
d:\cpp\badtripplayst\badtripps\badtripps\cpu.cpp(426): warning C4554: '&': check operator precedence for possible error; use parentheses to clarify precedence
d:\cpp\badtripplayst\badtripps\badtripps\cpu.cpp(471): warning C4244: 'argument': conversion from 'uint16_t' to 'uint8_t', possible loss of data
d:\cpp\badtripplayst\badtripps\badtripps\cpu.cpp(475): warning C4554: '&': check operator precedence for possible error; use parentheses to clarify precedence
d:\cpp\badtripplayst\badtripps\badtripps\cpu.cpp(503): warning C4554: '&': check operator precedence for possible error; use parentheses to clarify precedence
d:\cpp\badtripplayst\badtripps\badtripps\cpu.cpp(662): warning C4554: '&': check operator precedence for possible error; use parentheses to clarify precedence
d:\cpp\badtripplayst\badtripps\badtripps\cpu.cpp(799): warning C4554: '&': check operator precedence for possible error; use parentheses to clarify precedence
d:\cpp\badtripplayst\badtripps\badtripps\cpu.cpp(837): warning C4554: '&': check operator precedence for possible error; use parentheses to clarify precedence
d:\cpp\badtripplayst\badtripps\badtripps\cpu.cpp(919): warning C4293: '>>': shift count negative or too big, undefined behavior
  Generating Code...
  Compiling...
  BadTrip.cpp
  Generating Code...
LINK : warning LNK4098: defaultlib 'MSVCRT' conflicts with use of other libs; use /NODEFAULTLIB:library
  BadTripPS.vcxproj -> D:\cpp\BadTripPlaySt\BadTripPS\Debug\BadTripPS.exe
  BadTripPS.vcxproj -> D:\cpp\BadTripPlaySt\BadTripPS\Debug\BadTripPS.pdb (Partial PDB)
